::1 - - [25/Oct/2021:03:17:02 +0000] "POST /user HTTP/1.1" 200 350 "-" "PostmanRuntime/7.28.4"
::1 - - [25/Oct/2021:03:17:15 +0000] "POST /user HTTP/1.1" 200 350 "-" "PostmanRuntime/7.28.4"
::1 - - [25/Oct/2021:03:17:16 +0000] "POST /user HTTP/1.1" 200 350 "-" "PostmanRuntime/7.28.4"
::1 - - [25/Oct/2021:03:21:45 +0000] "POST /auth/login HTTP/1.1" 200 350 "-" "PostmanRuntime/7.28.4"
::1 - - [25/Oct/2021:03:21:53 +0000] "POST /product HTTP/1.1" 400 56 "-" "PostmanRuntime/7.28.4"
::1 - - [25/Oct/2021:03:22:15 +0000] "POST /product HTTP/1.1" 400 94 "-" "PostmanRuntime/7.28.4"
::1 - - [25/Oct/2021:03:23:41 +0000] "POST /product HTTP/1.1" 500 77 "-" "PostmanRuntime/7.28.4"
::1 - - [25/Oct/2021:03:26:24 +0000] "POST /product HTTP/1.1" 500 77 "-" "PostmanRuntime/7.28.4"
::1 - - [25/Oct/2021:03:28:09 +0000] "POST /product HTTP/1.1" 200 580 "-" "PostmanRuntime/7.28.4"
::1 - - [25/Oct/2021:03:28:34 +0000] "POST /product HTTP/1.1" 200 580 "-" "PostmanRuntime/7.28.4"
::1 - - [25/Oct/2021:03:29:35 +0000] "POST /product HTTP/1.1" 200 572 "-" "PostmanRuntime/7.28.4"
::1 - - [25/Oct/2021:03:30:34 +0000] "POST /product HTTP/1.1" 200 564 "-" "PostmanRuntime/7.28.4"
::1 - - [25/Oct/2021:03:31:20 +0000] "GET /product HTTP/1.1" 200 1636 "-" "PostmanRuntime/7.28.4"
::1 - - [25/Oct/2021:03:31:49 +0000] "GET /product/2 HTTP/1.1" 401 50 "-" "PostmanRuntime/7.28.4"
::1 - - [25/Oct/2021:03:31:51 +0000] "GET /product/2 HTTP/1.1" 200 580 "-" "PostmanRuntime/7.28.4"
::1 - - [25/Oct/2021:03:34:02 +0000] "PUT /post/2 HTTP/1.1" 400 56 "-" "PostmanRuntime/7.28.4"
::1 - - [25/Oct/2021:03:34:09 +0000] "PUT /product/2 HTTP/1.1" 200 68 "-" "PostmanRuntime/7.28.4"
::1 - - [25/Oct/2021:03:34:37 +0000] "PUT /product/2 HTTP/1.1" 200 283 "-" "PostmanRuntime/7.28.4"
::1 - - [25/Oct/2021:03:34:44 +0000] "PUT /product/2 HTTP/1.1" 200 291 "-" "PostmanRuntime/7.28.4"
::1 - - [25/Oct/2021:03:34:53 +0000] "PUT /product/2 HTTP/1.1" 200 283 "-" "PostmanRuntime/7.28.4"
::1 - - [25/Oct/2021:03:35:36 +0000] "DELETE /product/4 HTTP/1.1" 200 66 "-" "PostmanRuntime/7.28.4"
::1 - - [25/Oct/2021:03:35:45 +0000] "POST /product HTTP/1.1" 200 564 "-" "PostmanRuntime/7.28.4"
::1 - - [25/Oct/2021:03:48:58 +0000] "POST /auth/login HTTP/1.1" 200 350 "http://localhost:3000/" "Mozilla/5.0 (Macintosh; Intel Mac OS X 10_15_7) AppleWebKit/537.36 (KHTML, like Gecko) Chrome/94.0.4606.81 Safari/537.36"
::1 - - [25/Oct/2021:03:50:18 +0000] "GET /user HTTP/1.1" 200 970 "http://localhost:3000/" "Mozilla/5.0 (Macintosh; Intel Mac OS X 10_15_7) AppleWebKit/537.36 (KHTML, like Gecko) Chrome/94.0.4606.81 Safari/537.36"
::1 - - [25/Oct/2021:03:50:20 +0000] "GET /user HTTP/1.1" 304 - "http://localhost:3000/" "Mozilla/5.0 (Macintosh; Intel Mac OS X 10_15_7) AppleWebKit/537.36 (KHTML, like Gecko) Chrome/94.0.4606.81 Safari/537.36"
::1 - - [25/Oct/2021:03:50:28 +0000] "GET /user HTTP/1.1" 304 - "http://localhost:3000/" "Mozilla/5.0 (Macintosh; Intel Mac OS X 10_15_7) AppleWebKit/537.36 (KHTML, like Gecko) Chrome/94.0.4606.81 Safari/537.36"
